<?xml version="1.0" encoding="UTF-8"?>
<testng-results ignored="0" total="3" passed="3" failed="0" skipped="0">
  <reporter-output>
  </reporter-output>
  <suite started-at="2023-09-06T12:47:41 IST" name="Suite" finished-at="2023-09-06T12:47:59 IST" duration-ms="17456">
    <groups>
    </groups>
    <test started-at="2023-09-06T12:47:41 IST" name="Test1" finished-at="2023-09-06T12:47:59 IST" duration-ms="17456">
      <class name="Demo.Amezon">
        <test-method signature="AmezonTest()[pri:0, instance:Demo.Amezon@fba92d3]" started-at="2023-09-06T12:47:53 IST" name="AmezonTest" finished-at="2023-09-06T12:47:59 IST" duration-ms="5357" status="PASS">
          <reporter-output>
          </reporter-output>
        </test-method> <!-- AmezonTest -->
      </class> <!-- Demo.Amezon -->
      <class name="Demo.Ajio">
        <test-method signature="AjioTest()[pri:0, instance:Demo.Ajio@67c33749]" started-at="2023-09-06T12:47:47 IST" name="AjioTest" finished-at="2023-09-06T12:47:53 IST" duration-ms="6023" status="PASS">
          <reporter-output>
          </reporter-output>
        </test-method> <!-- AjioTest -->
      </class> <!-- Demo.Ajio -->
      <class name="Demo.Flipcart">
        <test-method signature="FlipcartTest()[pri:0, instance:Demo.Flipcart@759d26fb]" started-at="2023-09-06T12:47:41 IST" name="FlipcartTest" finished-at="2023-09-06T12:47:47 IST" duration-ms="6038" status="PASS">
          <reporter-output>
          </reporter-output>
        </test-method> <!-- FlipcartTest -->
      </class> <!-- Demo.Flipcart -->
    </test> <!-- Test1 -->
  </suite> <!-- Suite -->
</testng-results>
